  main.cpp
C:\Users\Julio\Documents\TDPV\1 - Cuatri_2\MAVI\Practicas\Unidad 4\Splats\Splats\main.cpp(39,81): warning C4244: 'argumento': conversión de 'T' a 'float'; posible pérdida de datos
C:\Users\Julio\Documents\TDPV\1 - Cuatri_2\MAVI\Practicas\Unidad 4\Splats\Splats\main.cpp(39,81): warning C4244:         with
C:\Users\Julio\Documents\TDPV\1 - Cuatri_2\MAVI\Practicas\Unidad 4\Splats\Splats\main.cpp(39,81): warning C4244:         [
C:\Users\Julio\Documents\TDPV\1 - Cuatri_2\MAVI\Practicas\Unidad 4\Splats\Splats\main.cpp(39,81): warning C4244:             T=unsigned int
C:\Users\Julio\Documents\TDPV\1 - Cuatri_2\MAVI\Practicas\Unidad 4\Splats\Splats\main.cpp(39,81): warning C4244:         ]
C:\Users\Julio\Documents\TDPV\1 - Cuatri_2\MAVI\Practicas\Unidad 4\Splats\Splats\main.cpp(39,52): warning C4244: 'argumento': conversión de 'T' a 'float'; posible pérdida de datos
C:\Users\Julio\Documents\TDPV\1 - Cuatri_2\MAVI\Practicas\Unidad 4\Splats\Splats\main.cpp(39,52): warning C4244:         with
C:\Users\Julio\Documents\TDPV\1 - Cuatri_2\MAVI\Practicas\Unidad 4\Splats\Splats\main.cpp(39,52): warning C4244:         [
C:\Users\Julio\Documents\TDPV\1 - Cuatri_2\MAVI\Practicas\Unidad 4\Splats\Splats\main.cpp(39,52): warning C4244:             T=unsigned int
C:\Users\Julio\Documents\TDPV\1 - Cuatri_2\MAVI\Practicas\Unidad 4\Splats\Splats\main.cpp(39,52): warning C4244:         ]
C:\Users\Julio\Documents\TDPV\1 - Cuatri_2\MAVI\Practicas\Unidad 4\Splats\Splats\main.cpp(46,81): warning C4244: 'argumento': conversión de 'T' a 'float'; posible pérdida de datos
C:\Users\Julio\Documents\TDPV\1 - Cuatri_2\MAVI\Practicas\Unidad 4\Splats\Splats\main.cpp(46,81): warning C4244:         with
C:\Users\Julio\Documents\TDPV\1 - Cuatri_2\MAVI\Practicas\Unidad 4\Splats\Splats\main.cpp(46,81): warning C4244:         [
C:\Users\Julio\Documents\TDPV\1 - Cuatri_2\MAVI\Practicas\Unidad 4\Splats\Splats\main.cpp(46,81): warning C4244:             T=unsigned int
C:\Users\Julio\Documents\TDPV\1 - Cuatri_2\MAVI\Practicas\Unidad 4\Splats\Splats\main.cpp(46,81): warning C4244:         ]
C:\Users\Julio\Documents\TDPV\1 - Cuatri_2\MAVI\Practicas\Unidad 4\Splats\Splats\main.cpp(46,52): warning C4244: 'argumento': conversión de 'T' a 'float'; posible pérdida de datos
C:\Users\Julio\Documents\TDPV\1 - Cuatri_2\MAVI\Practicas\Unidad 4\Splats\Splats\main.cpp(46,52): warning C4244:         with
C:\Users\Julio\Documents\TDPV\1 - Cuatri_2\MAVI\Practicas\Unidad 4\Splats\Splats\main.cpp(46,52): warning C4244:         [
C:\Users\Julio\Documents\TDPV\1 - Cuatri_2\MAVI\Practicas\Unidad 4\Splats\Splats\main.cpp(46,52): warning C4244:             T=unsigned int
C:\Users\Julio\Documents\TDPV\1 - Cuatri_2\MAVI\Practicas\Unidad 4\Splats\Splats\main.cpp(46,52): warning C4244:         ]
  Splats.vcxproj -> C:\Users\Julio\Documents\TDPV\1 - Cuatri_2\MAVI\Practicas\Unidad 4\Splats\Debug\Splats.exe
