  main.cpp
C:\Users\Julio\Documents\TDPV\1 - Cuatri_2\MAVI\Practicas\Unidad 4\Atrapado\Atrapado\main.cpp(19,19): warning C4244: 'inicializando': conversión de 'T' a 'float'; posible pérdida de datos
C:\Users\Julio\Documents\TDPV\1 - Cuatri_2\MAVI\Practicas\Unidad 4\Atrapado\Atrapado\main.cpp(19,19): warning C4244:         with
C:\Users\Julio\Documents\TDPV\1 - Cuatri_2\MAVI\Practicas\Unidad 4\Atrapado\Atrapado\main.cpp(19,19): warning C4244:         [
C:\Users\Julio\Documents\TDPV\1 - Cuatri_2\MAVI\Practicas\Unidad 4\Atrapado\Atrapado\main.cpp(19,19): warning C4244:             T=unsigned int
C:\Users\Julio\Documents\TDPV\1 - Cuatri_2\MAVI\Practicas\Unidad 4\Atrapado\Atrapado\main.cpp(19,19): warning C4244:         ]
C:\Users\Julio\Documents\TDPV\1 - Cuatri_2\MAVI\Practicas\Unidad 4\Atrapado\Atrapado\main.cpp(20,19): warning C4244: 'inicializando': conversión de 'T' a 'float'; posible pérdida de datos
C:\Users\Julio\Documents\TDPV\1 - Cuatri_2\MAVI\Practicas\Unidad 4\Atrapado\Atrapado\main.cpp(20,19): warning C4244:         with
C:\Users\Julio\Documents\TDPV\1 - Cuatri_2\MAVI\Practicas\Unidad 4\Atrapado\Atrapado\main.cpp(20,19): warning C4244:         [
C:\Users\Julio\Documents\TDPV\1 - Cuatri_2\MAVI\Practicas\Unidad 4\Atrapado\Atrapado\main.cpp(20,19): warning C4244:             T=unsigned int
C:\Users\Julio\Documents\TDPV\1 - Cuatri_2\MAVI\Practicas\Unidad 4\Atrapado\Atrapado\main.cpp(20,19): warning C4244:         ]
C:\Users\Julio\Documents\TDPV\1 - Cuatri_2\MAVI\Practicas\Unidad 4\Atrapado\Atrapado\main.cpp(21,18): warning C4244: 'inicializando': conversión de 'T' a 'float'; posible pérdida de datos
C:\Users\Julio\Documents\TDPV\1 - Cuatri_2\MAVI\Practicas\Unidad 4\Atrapado\Atrapado\main.cpp(21,18): warning C4244:         with
C:\Users\Julio\Documents\TDPV\1 - Cuatri_2\MAVI\Practicas\Unidad 4\Atrapado\Atrapado\main.cpp(21,18): warning C4244:         [
C:\Users\Julio\Documents\TDPV\1 - Cuatri_2\MAVI\Practicas\Unidad 4\Atrapado\Atrapado\main.cpp(21,18): warning C4244:             T=unsigned int
C:\Users\Julio\Documents\TDPV\1 - Cuatri_2\MAVI\Practicas\Unidad 4\Atrapado\Atrapado\main.cpp(21,18): warning C4244:         ]
C:\Users\Julio\Documents\TDPV\1 - Cuatri_2\MAVI\Practicas\Unidad 4\Atrapado\Atrapado\main.cpp(22,18): warning C4244: 'inicializando': conversión de 'T' a 'float'; posible pérdida de datos
C:\Users\Julio\Documents\TDPV\1 - Cuatri_2\MAVI\Practicas\Unidad 4\Atrapado\Atrapado\main.cpp(22,18): warning C4244:         with
C:\Users\Julio\Documents\TDPV\1 - Cuatri_2\MAVI\Practicas\Unidad 4\Atrapado\Atrapado\main.cpp(22,18): warning C4244:         [
C:\Users\Julio\Documents\TDPV\1 - Cuatri_2\MAVI\Practicas\Unidad 4\Atrapado\Atrapado\main.cpp(22,18): warning C4244:             T=unsigned int
C:\Users\Julio\Documents\TDPV\1 - Cuatri_2\MAVI\Practicas\Unidad 4\Atrapado\Atrapado\main.cpp(22,18): warning C4244:         ]
C:\Users\Julio\Documents\TDPV\1 - Cuatri_2\MAVI\Practicas\Unidad 4\Atrapado\Atrapado\main.cpp(32,57): warning C4244: 'argumento': conversión de 'T' a 'float'; posible pérdida de datos
C:\Users\Julio\Documents\TDPV\1 - Cuatri_2\MAVI\Practicas\Unidad 4\Atrapado\Atrapado\main.cpp(32,57): warning C4244:         with
C:\Users\Julio\Documents\TDPV\1 - Cuatri_2\MAVI\Practicas\Unidad 4\Atrapado\Atrapado\main.cpp(32,57): warning C4244:         [
C:\Users\Julio\Documents\TDPV\1 - Cuatri_2\MAVI\Practicas\Unidad 4\Atrapado\Atrapado\main.cpp(32,57): warning C4244:             T=unsigned int
C:\Users\Julio\Documents\TDPV\1 - Cuatri_2\MAVI\Practicas\Unidad 4\Atrapado\Atrapado\main.cpp(32,57): warning C4244:         ]
C:\Users\Julio\Documents\TDPV\1 - Cuatri_2\MAVI\Practicas\Unidad 4\Atrapado\Atrapado\main.cpp(32,36): warning C4244: 'argumento': conversión de 'T' a 'float'; posible pérdida de datos
C:\Users\Julio\Documents\TDPV\1 - Cuatri_2\MAVI\Practicas\Unidad 4\Atrapado\Atrapado\main.cpp(32,36): warning C4244:         with
C:\Users\Julio\Documents\TDPV\1 - Cuatri_2\MAVI\Practicas\Unidad 4\Atrapado\Atrapado\main.cpp(32,36): warning C4244:         [
C:\Users\Julio\Documents\TDPV\1 - Cuatri_2\MAVI\Practicas\Unidad 4\Atrapado\Atrapado\main.cpp(32,36): warning C4244:             T=unsigned int
C:\Users\Julio\Documents\TDPV\1 - Cuatri_2\MAVI\Practicas\Unidad 4\Atrapado\Atrapado\main.cpp(32,36): warning C4244:         ]
  Atrapado.vcxproj -> C:\Users\Julio\Documents\TDPV\1 - Cuatri_2\MAVI\Practicas\Unidad 4\Atrapado\Debug\Atrapado.exe
